<?xml version="1.0" encoding="UTF-8"?>
<testsuite name="com.amp.data.handler.test.DataHandlerTest" tests="1" skipped="1" failures="0" errors="0" timestamp="2020-07-20T17:56:18" hostname="CAW1PF16H7PB" time="0.0">
  <properties/>
  <testcase name="handleBrowseNodesHierarchy" classname="com.amp.data.handler.test.DataHandlerTest" time="0.0">
    <skipped/>
  </testcase>
  <system-out><![CDATA[2020-07-20 13:56:18,815 DEBUG [Test worker] [org.springframework.test.context.junit4.SpringJUnit4ClassRunner] - SpringJUnit4ClassRunner constructor called with [class com.amp.data.handler.test.DataHandlerTest]
s2020-07-20 13:56:18,829 DEBUG [Test worker] [org.springframework.test.context.BootstrapUtils] - Instantiating CacheAwareContextLoaderDelegate from class [org.springframework.test.context.cache.DefaultCacheAwareContextLoaderDelegate]
s2020-07-20 13:56:18,842 DEBUG [Test worker] [org.springframework.test.context.BootstrapUtils] - Instantiating BootstrapContext using constructor [public org.springframework.test.context.support.DefaultBootstrapContext(java.lang.Class,org.springframework.test.context.CacheAwareContextLoaderDelegate)]
s2020-07-20 13:56:18,891 DEBUG [Test worker] [org.springframework.test.context.BootstrapUtils] - Instantiating TestContextBootstrapper for test class [com.amp.data.handler.test.DataHandlerTest] from class [org.springframework.test.context.web.WebTestContextBootstrapper]
s2020-07-20 13:56:18,922 DEBUG [Test worker] [org.springframework.test.context.support.AbstractDelegatingSmartContextLoader] - Delegating to AnnotationConfigWebContextLoader to process context configuration [ContextConfigurationAttributes@754f05f8 declaringClass = 'com.amp.data.handler.test.DataHandlerTest', classes = '{class com.amp.data.handler.test.config.DataHandlerBeansConfig}', locations = '{}', inheritLocations = true, initializers = '{}', inheritInitializers = true, name = [null], contextLoaderClass = 'org.springframework.test.context.ContextLoader'].
s2020-07-20 13:56:18,958 DEBUG [Test worker] [org.springframework.test.context.support.ActiveProfilesUtils] - Could not find an 'annotation declaring class' for annotation type [org.springframework.test.context.ActiveProfiles] and class [com.amp.data.handler.test.DataHandlerTest]
s2020-07-20 13:56:18,959 DEBUG [Test worker] [org.springframework.test.context.web.WebTestContextBootstrapper] - @TestExecutionListeners is not present for class [com.amp.data.handler.test.DataHandlerTest]: using defaults.
s2020-07-20 13:56:18,960 INFO [Test worker] [org.springframework.test.context.web.WebTestContextBootstrapper] - Loaded default TestExecutionListener class names from location [META-INF/spring.factories]: [org.springframework.test.context.web.ServletTestExecutionListener, org.springframework.test.context.support.DirtiesContextBeforeModesTestExecutionListener, org.springframework.test.context.support.DependencyInjectionTestExecutionListener, org.springframework.test.context.support.DirtiesContextTestExecutionListener, org.springframework.test.context.transaction.TransactionalTestExecutionListener, org.springframework.test.context.jdbc.SqlScriptsTestExecutionListener, org.springframework.test.context.event.EventPublishingTestExecutionListener]
s2020-07-20 13:56:18,990 INFO [Test worker] [org.springframework.test.context.web.WebTestContextBootstrapper] - Using TestExecutionListeners: [org.springframework.test.context.web.ServletTestExecutionListener@6b4cd467, org.springframework.test.context.support.DirtiesContextBeforeModesTestExecutionListener@4dde3c56, org.springframework.test.context.support.DependencyInjectionTestExecutionListener@43335f7b, org.springframework.test.context.support.DirtiesContextTestExecutionListener@52111ad9, org.springframework.test.context.transaction.TransactionalTestExecutionListener@5ff30310, org.springframework.test.context.jdbc.SqlScriptsTestExecutionListener@63f3a834, org.springframework.test.context.event.EventPublishingTestExecutionListener@3a62fbb6]
s2020-07-20 13:56:18,993 DEBUG [Test worker] [org.springframework.test.annotation.ProfileValueUtils] - Retrieved @ProfileValueSourceConfiguration [null] for test class [com.amp.data.handler.test.DataHandlerTest]
s2020-07-20 13:56:18,994 DEBUG [Test worker] [org.springframework.test.annotation.ProfileValueUtils] - Retrieved ProfileValueSource type [class org.springframework.test.annotation.SystemProfileValueSource] for class [com.amp.data.handler.test.DataHandlerTest]
s2020-07-20 13:56:18,995 DEBUG [Test worker] [org.springframework.test.annotation.ProfileValueUtils] - Retrieved @ProfileValueSourceConfiguration [null] for test class [com.amp.data.handler.test.DataHandlerTest]
s2020-07-20 13:56:18,995 DEBUG [Test worker] [org.springframework.test.annotation.ProfileValueUtils] - Retrieved ProfileValueSource type [class org.springframework.test.annotation.SystemProfileValueSource] for class [com.amp.data.handler.test.DataHandlerTest]
s]]></system-out>
  <system-err><![CDATA[]]></system-err>
</testsuite>
